  main.cpp
C:\Users\Andre\source\repos\Projects\Tree\tree.h(268,16): warning C4244: инициализация: преобразование "double" в "int", возможна потеря данных
  (компиляция исходного файла "main.cpp")
  C:\Users\Andre\source\repos\Projects\Tree\tree.h(268,16):
  контекст создания экземпляра шаблона (сначала самый старый)
  	C:\Users\Andre\source\repos\Projects\Tree\main.cpp(7,25):
  	выполняется компиляция ссылки на экземпляр класс шаблон функции "Tree<int>"
  	C:\Users\Andre\source\repos\Projects\Tree\tree.h(265,7):
  	во время компиляции функции-члена класс шаблон "void Tree<int>::PrintTreeVertical(int)"
  		C:\Users\Andre\source\repos\Projects\Tree\main.cpp(13,26):
  		см. первую ссылку на "Tree<int>::PrintTreeVertical" в "main"
  
C:\Users\Andre\source\repos\Projects\Tree\tree.h(308,14): warning C4267: инициализация: преобразование из "size_t" в "int"; возможна потеря данных
  (компиляция исходного файла "main.cpp")
  
C:\Users\Andre\source\repos\Projects\Tree\tree.h(255,10): warning C4244: инициализация: преобразование "double" в "int", возможна потеря данных
  (компиляция исходного файла "main.cpp")
  C:\Users\Andre\source\repos\Projects\Tree\tree.h(255,10):
  контекст создания экземпляра шаблона (сначала самый старый)
  	C:\Users\Andre\source\repos\Projects\Tree\tree.h(253,6):
  	во время компиляции функции-члена класс шаблон "int Tree<int>::get_pos(int,int,int,int)"
  		C:\Users\Andre\source\repos\Projects\Tree\tree.h(274,14):
  		см. первую ссылку на "Tree<int>::get_pos" в "Tree<int>::PrintTreeVertical"
  		C:\Users\Andre\source\repos\Projects\Tree\main.cpp(13,26):
  		см. первую ссылку на "Tree<int>::PrintTreeVertical" в "main"
  
C:\Users\Andre\source\repos\Projects\Tree\tree.h(256,10): warning C4244: инициализация: преобразование "double" в "int", возможна потеря данных
  (компиляция исходного файла "main.cpp")
  
C:\Users\Andre\source\repos\Projects\Tree\tree.h(257,10): warning C4244: инициализация: преобразование "double" в "int", возможна потеря данных
  (компиляция исходного файла "main.cpp")
  
C:\Users\Andre\source\repos\Projects\Tree\tree.h(230,38): error C2228: выражение слева от ".add_left" должно представлять класс, структуру или объединение
  (компиляция исходного файла "main.cpp")
  C:\Users\Andre\source\repos\Projects\Tree\tree.h(230,38):
  тип: Tree<int> *
  C:\Users\Andre\source\repos\Projects\Tree\tree.h(230,38):
  возможно, имеется в виду "->"
  C:\Users\Andre\source\repos\Projects\Tree\tree.h(230,38):
  контекст создания экземпляра шаблона (сначала самый старый)
  	C:\Users\Andre\source\repos\Projects\Tree\tree.h(222,11):
  	во время компиляции функции-члена класс шаблон "Tree<int> *Tree<int>::more_replace(Tree<int> *,int)"
  		C:\Users\Andre\source\repos\Projects\Tree\tree.h(219,8):
  		см. первую ссылку на "Tree<int>::more_replace" в "Tree<int>::replaceNullToFull"
  		C:\Users\Andre\source\repos\Projects\Tree\tree.h(279,5):
  		см. первую ссылку на "Tree<int>::replaceNullToFull" в "Tree<int>::PrintTreeVertical"
  		C:\Users\Andre\source\repos\Projects\Tree\main.cpp(13,26):
  		см. первую ссылку на "Tree<int>::PrintTreeVertical" в "main"
  
